\BOOKMARK [0][-]{titulo.0}{P\341gina de T\355tulo}{}% 1
\BOOKMARK [0][-]{indices.0}{\315ndices}{}% 2
\BOOKMARK [1][-]{tabla de contenidos.1}{Tabla de Contenidos}{indices.0}% 3
\BOOKMARK [1][-]{indice de figuras.1}{\315ndice de figuras}{indices.0}% 4
\BOOKMARK [1][-]{indice de tablas.1}{\315ndice de tablas}{indices.0}% 5
\BOOKMARK [0][-]{chapter.8}{Introducci\363n}{}% 6
\BOOKMARK [1][-]{section.9}{Motivaci\363n}{chapter.8}% 7
\BOOKMARK [1][-]{section.10}{Objetivos}{chapter.8}% 8
\BOOKMARK [1][-]{section.11}{Plan de trabajo}{chapter.8}% 9
\BOOKMARK [1][-]{section.12}{Explicaciones adicionales sobre el uso de esta plantilla}{chapter.8}% 10
\BOOKMARK [2][-]{subsection.14}{Texto de prueba}{section.12}% 11
\BOOKMARK [0][-]{chapter.15}{Estado de la Cuesti\363n}{}% 12
\BOOKMARK [1][-]{section.16}{Conceptos sobre el \341mbito}{chapter.15}% 13
\BOOKMARK [1][-]{section.17}{SPARQL y WikiData}{chapter.15}% 14
\BOOKMARK [1][-]{section.26}{M\351tricas}{chapter.15}% 15
\BOOKMARK [0][-]{chapter.27}{Descripci\363n del Trabajo}{}% 16
\BOOKMARK [0][-]{chapter.30}{Conclusiones y Trabajo Futuro}{}% 17
\BOOKMARK [0][-]{chapter.31}{Introduction}{}% 18
\BOOKMARK [0][-]{chapter.32}{Conclusions and Future Work}{}% 19
\BOOKMARK [0][-]{chapter*.33}{Bibliograf\355a}{}% 20
\BOOKMARK [0][-]{appendix.34}{T\355tulo del Ap\351ndice A}{}% 21
\BOOKMARK [0][-]{appendix.35}{T\355tulo del Ap\351ndice B}{}% 22
\BOOKMARK [0][-]{fin.0}{Fin}{}% 23
